2023-09-08 11:06:05.776 [info] Log level: Info
2023-09-08 11:06:05.776 [info] Validating found git in: "git"
2023-09-08 11:06:05.776 [info] Using git "2.25.1" from "git"
2023-09-08 11:06:05.776 [info] > git rev-parse --show-toplevel [63ms]
2023-09-08 11:06:05.776 [info] fatal: not a git repository (or any of the parent directories): .git
2023-09-08 11:06:05.776 [info] > git rev-parse --show-toplevel [1ms]
2023-09-08 11:06:05.776 [info] fatal: not a git repository (or any of the parent directories): .git
2023-09-08 11:06:05.776 [info] > git rev-parse --show-toplevel [1ms]
2023-09-08 11:06:05.776 [info] fatal: not a git repository (or any of the parent directories): .git
2023-09-08 11:06:05.776 [info] > git rev-parse --show-toplevel [1ms]
2023-09-08 11:06:05.776 [info] fatal: not a git repository (or any parent up to mount point /)
Stopping at filesystem boundary (GIT_DISCOVERY_ACROSS_FILESYSTEM not set).
2023-09-08 11:06:05.776 [info] > git rev-parse --show-toplevel [2ms]
2023-09-08 11:06:05.776 [info] fatal: not a git repository (or any of the parent directories): .git
2023-09-08 11:06:05.776 [info] > git rev-parse --show-toplevel [1ms]
2023-09-08 11:06:05.776 [info] fatal: not a git repository (or any of the parent directories): .git
2023-09-08 11:06:05.776 [info] > git rev-parse --show-toplevel [1ms]
2023-09-08 11:06:05.776 [info] fatal: not a git repository (or any of the parent directories): .git
2023-09-08 11:06:05.776 [info] > git rev-parse --show-toplevel [1ms]
2023-09-08 11:06:05.777 [info] fatal: not a git repository (or any of the parent directories): .git
2023-09-08 11:06:05.777 [info] > git rev-parse --show-toplevel [2ms]
2023-09-08 11:06:05.777 [info] fatal: not a git repository (or any of the parent directories): .git
2023-09-08 11:06:05.777 [info] > git rev-parse --show-toplevel [1ms]
2023-09-08 11:06:05.777 [info] fatal: not a git repository (or any parent up to mount point /)
Stopping at filesystem boundary (GIT_DISCOVERY_ACROSS_FILESYSTEM not set).
2023-09-08 11:06:05.777 [info] > git rev-parse --show-toplevel [1ms]
2023-09-08 11:06:05.777 [info] fatal: not a git repository (or any of the parent directories): .git
2023-09-08 11:06:05.777 [info] > git rev-parse --show-toplevel [1ms]
2023-09-08 11:06:05.777 [info] fatal: not a git repository (or any of the parent directories): .git
2023-09-08 11:06:05.777 [info] > git rev-parse --show-toplevel [2ms]
2023-09-08 11:06:05.777 [info] fatal: not a git repository (or any parent up to mount point /)
Stopping at filesystem boundary (GIT_DISCOVERY_ACROSS_FILESYSTEM not set).
2023-09-08 11:06:05.777 [info] > git rev-parse --show-toplevel [1ms]
2023-09-08 11:06:05.777 [info] fatal: not a git repository (or any of the parent directories): .git
2023-09-08 11:06:05.777 [info] > git rev-parse --show-toplevel [2ms]
2023-09-08 11:06:05.777 [info] fatal: not a git repository (or any of the parent directories): .git
2023-09-08 11:06:05.777 [info] > git rev-parse --show-toplevel [1ms]
2023-09-08 11:06:05.777 [info] fatal: not a git repository (or any of the parent directories): .git
