[11:04:26] [File Watcher (node.js)] Failed to watch /home/hacker/.local/share/code-server/Machine for changes using fs.watch() (Error: EMFILE: too many open files, watch '/home/hacker/.local/share/code-server/Machine')
[11:04:26] [File Watcher (node.js)] Failed to watch /opt/code-server/extensions for changes using fs.watch() (Error: EMFILE: too many open files, watch '/opt/code-server/extensions')
[11:04:26] [File Watcher (node.js)] Failed to watch /opt/code-server/extensions/extensions.json for changes using fs.watch() (Error: EMFILE: too many open files, watch '/opt/code-server/extensions/extensions.json')
File not found: /usr/lib/code-server/lib/vscode/out/vsda_bg.wasm
File not found: /usr/lib/code-server/lib/vscode/out/vsda.js
[11:04:30] [File Watcher (node.js)] Failed to watch /home/hacker/.local/share/code-server/User for changes using fs.watch() (Error: EMFILE: too many open files, watch '/home/hacker/.local/share/code-server/User')
[11:04:30] [File Watcher (node.js)] Failed to watch /home/hacker/.local/share/code-server/Machine for changes using fs.watch() (Error: EMFILE: too many open files, watch '/home/hacker/.local/share/code-server/Machine')
[11:04:31] Using the in-memory credential store as the operating system's credential store could not be accessed. Please see https://aka.ms/vscode-server-keyring on how to set this up. Details: libsecret-1.so.0: cannot open shared object file: No such file or directory
[11:04:34] [File Watcher (node.js)] Failed to watch /home/hacker/.local/share/code-server/User/snippets for changes using fs.watch() (Error: EMFILE: too many open files, watch '/home/hacker/.local/share/code-server/User/snippets')
[2023-09-08T11:04:47.513Z] error Failed to get latest version [38;2;140;140;140m{"error":"getaddrinfo EAI_AGAIN api.github.com"}[0m
File not found: /usr/lib/code-server/lib/vscode/out/vsda.js
File not found: /usr/lib/code-server/lib/vscode/out/vsda_bg.wasm
[11:04:55] [File Watcher (node.js)] Failed to watch /home/hacker/.local/share/code-server/User for changes using fs.watch() (Error: EMFILE: too many open files, watch '/home/hacker/.local/share/code-server/User')
[11:04:55] [File Watcher (node.js)] Failed to watch /home/hacker/.local/share/code-server/Machine for changes using fs.watch() (Error: EMFILE: too many open files, watch '/home/hacker/.local/share/code-server/Machine')
[11:04:58] [File Watcher (node.js)] Failed to watch /home/hacker/.local/share/code-server/User/snippets for changes using fs.watch() (Error: EMFILE: too many open files, watch '/home/hacker/.local/share/code-server/User/snippets')
[2023-09-08T11:05:11.885Z] error Failed to get latest version [38;2;140;140;140m{"error":"getaddrinfo EAI_AGAIN api.github.com"}[0m
File not found: /usr/lib/code-server/lib/vscode/out/vsda.js
File not found: /usr/lib/code-server/lib/vscode/out/vsda_bg.wasm
[11:05:33] [File Watcher (node.js)] Failed to watch /home/hacker/.local/share/code-server/User for changes using fs.watch() (Error: EMFILE: too many open files, watch '/home/hacker/.local/share/code-server/User')
[11:05:53] [File Watcher (node.js)] Failed to watch /home/hacker/.local/share/code-server/Machine for changes using fs.watch() (Error: EMFILE: too many open files, watch '/home/hacker/.local/share/code-server/Machine')
[11:05:53] [File Watcher (node.js)] Failed to watch /opt/code-server/extensions for changes using fs.watch() (Error: EMFILE: too many open files, watch '/opt/code-server/extensions')
[11:05:53] [File Watcher (node.js)] Failed to watch /opt/code-server/extensions/extensions.json for changes using fs.watch() (Error: EMFILE: too many open files, watch '/opt/code-server/extensions/extensions.json')
File not found: /usr/lib/code-server/lib/vscode/out/vsda_bg.wasm
File not found: /usr/lib/code-server/lib/vscode/out/vsda.js
[11:05:58] [File Watcher (node.js)] Failed to watch /home/hacker/.local/share/code-server/User for changes using fs.watch() (Error: EMFILE: too many open files, watch '/home/hacker/.local/share/code-server/User')
[11:05:58] [File Watcher (node.js)] Failed to watch /home/hacker/.local/share/code-server/Machine for changes using fs.watch() (Error: EMFILE: too many open files, watch '/home/hacker/.local/share/code-server/Machine')
[11:05:59] Using the in-memory credential store as the operating system's credential store could not be accessed. Please see https://aka.ms/vscode-server-keyring on how to set this up. Details: libsecret-1.so.0: cannot open shared object file: No such file or directory
[2023-09-08T11:06:15.614Z] error Failed to get latest version [38;2;140;140;140m{"error":"getaddrinfo EAI_AGAIN api.github.com"}[0m
File not found: /usr/lib/code-server/lib/vscode/out/vsda.js
File not found: /usr/lib/code-server/lib/vscode/out/vsda_bg.wasm
[11:13:47] Using the in-memory credential store as the operating system's credential store could not be accessed. Please see https://aka.ms/vscode-server-keyring on how to set this up. Details: libsecret-1.so.0: cannot open shared object file: No such file or directory
[2023-09-08T11:14:03.589Z] error Failed to get latest version [38;2;140;140;140m{"error":"getaddrinfo EAI_AGAIN api.github.com"}[0m
[11:21:46] [File Watcher (node.js)] Failed to watch /home/hacker/.local/share/code-server/Machine for changes using fs.watch() (Error: EMFILE: too many open files, watch '/home/hacker/.local/share/code-server/Machine')
[11:21:46] [File Watcher (node.js)] Failed to watch /opt/code-server/extensions for changes using fs.watch() (Error: EMFILE: too many open files, watch '/opt/code-server/extensions')
[11:21:46] [File Watcher (node.js)] Failed to watch /opt/code-server/extensions/extensions.json for changes using fs.watch() (Error: EMFILE: too many open files, watch '/opt/code-server/extensions/extensions.json')
File not found: /usr/lib/code-server/lib/vscode/out/vsda_bg.wasm
File not found: /usr/lib/code-server/lib/vscode/out/vsda.js
[11:21:49] [File Watcher (node.js)] Failed to watch /home/hacker/.local/share/code-server/User for changes using fs.watch() (Error: EMFILE: too many open files, watch '/home/hacker/.local/share/code-server/User')
[11:21:49] [File Watcher (node.js)] Failed to watch /home/hacker/.local/share/code-server/Machine for changes using fs.watch() (Error: EMFILE: too many open files, watch '/home/hacker/.local/share/code-server/Machine')
[11:21:50] Using the in-memory credential store as the operating system's credential store could not be accessed. Please see https://aka.ms/vscode-server-keyring on how to set this up. Details: libsecret-1.so.0: cannot open shared object file: No such file or directory
[11:21:54] [File Watcher (node.js)] Failed to watch /home/hacker/.local/share/code-server/User/snippets for changes using fs.watch() (Error: EMFILE: too many open files, watch '/home/hacker/.local/share/code-server/User/snippets')
[2023-09-08T11:22:06.305Z] error Failed to get latest version [38;2;140;140;140m{"error":"getaddrinfo EAI_AGAIN api.github.com"}[0m
[06:16:55] [File Watcher (node.js)] Failed to watch /home/hacker/.local/share/code-server/Machine for changes using fs.watch() (Error: EMFILE: too many open files, watch '/home/hacker/.local/share/code-server/Machine')
[06:16:56] [File Watcher (node.js)] Failed to watch /opt/code-server/extensions for changes using fs.watch() (Error: EMFILE: too many open files, watch '/opt/code-server/extensions')
[06:16:56] [File Watcher (node.js)] Failed to watch /opt/code-server/extensions/extensions.json for changes using fs.watch() (Error: EMFILE: too many open files, watch '/opt/code-server/extensions/extensions.json')
[06:28:20] [File Watcher (node.js)] Failed to watch /home/hacker/.local/share/code-server/Machine for changes using fs.watch() (Error: EMFILE: too many open files, watch '/home/hacker/.local/share/code-server/Machine')
[06:28:20] [File Watcher (node.js)] Failed to watch /opt/code-server/extensions for changes using fs.watch() (Error: EMFILE: too many open files, watch '/opt/code-server/extensions')
[06:28:20] [File Watcher (node.js)] Failed to watch /opt/code-server/extensions/extensions.json for changes using fs.watch() (Error: EMFILE: too many open files, watch '/opt/code-server/extensions/extensions.json')
