2023-09-08 11:04:59.500 [info] Log level: Info
2023-09-08 11:04:59.500 [info] Validating found git in: "git"
2023-09-08 11:04:59.500 [info] Using git "2.25.1" from "git"
2023-09-08 11:04:59.500 [info] > git rev-parse --show-toplevel [12ms]
2023-09-08 11:04:59.500 [info] fatal: not a git repository (or any of the parent directories): .git
2023-09-08 11:04:59.500 [info] > git rev-parse --show-toplevel [2ms]
2023-09-08 11:04:59.500 [info] fatal: not a git repository (or any of the parent directories): .git
2023-09-08 11:04:59.500 [info] > git rev-parse --show-toplevel [3ms]
2023-09-08 11:04:59.500 [info] fatal: not a git repository (or any of the parent directories): .git
2023-09-08 11:04:59.500 [info] > git rev-parse --show-toplevel [1ms]
2023-09-08 11:04:59.500 [info] fatal: not a git repository (or any parent up to mount point /)
Stopping at filesystem boundary (GIT_DISCOVERY_ACROSS_FILESYSTEM not set).
2023-09-08 11:04:59.500 [info] > git rev-parse --show-toplevel [1ms]
2023-09-08 11:04:59.500 [info] fatal: not a git repository (or any of the parent directories): .git
2023-09-08 11:04:59.500 [info] > git rev-parse --show-toplevel [1ms]
2023-09-08 11:04:59.500 [info] fatal: not a git repository (or any of the parent directories): .git
2023-09-08 11:04:59.500 [info] > git rev-parse --show-toplevel [1ms]
2023-09-08 11:04:59.500 [info] fatal: not a git repository (or any of the parent directories): .git
2023-09-08 11:04:59.500 [info] > git rev-parse --show-toplevel [1ms]
2023-09-08 11:04:59.500 [info] fatal: not a git repository (or any of the parent directories): .git
2023-09-08 11:04:59.500 [info] > git rev-parse --show-toplevel [2ms]
2023-09-08 11:04:59.500 [info] fatal: not a git repository (or any of the parent directories): .git
2023-09-08 11:04:59.500 [info] > git rev-parse --show-toplevel [2ms]
2023-09-08 11:04:59.500 [info] fatal: not a git repository (or any parent up to mount point /)
Stopping at filesystem boundary (GIT_DISCOVERY_ACROSS_FILESYSTEM not set).
2023-09-08 11:04:59.500 [info] > git rev-parse --show-toplevel [2ms]
2023-09-08 11:04:59.500 [info] fatal: not a git repository (or any of the parent directories): .git
2023-09-08 11:04:59.500 [info] > git rev-parse --show-toplevel [1ms]
2023-09-08 11:04:59.500 [info] fatal: not a git repository (or any of the parent directories): .git
2023-09-08 11:04:59.500 [info] > git rev-parse --show-toplevel [2ms]
2023-09-08 11:04:59.500 [info] fatal: not a git repository (or any parent up to mount point /)
Stopping at filesystem boundary (GIT_DISCOVERY_ACROSS_FILESYSTEM not set).
2023-09-08 11:04:59.500 [info] > git rev-parse --show-toplevel [1ms]
2023-09-08 11:04:59.500 [info] fatal: not a git repository (or any of the parent directories): .git
2023-09-08 11:04:59.500 [info] > git rev-parse --show-toplevel [2ms]
2023-09-08 11:04:59.500 [info] fatal: not a git repository (or any of the parent directories): .git
2023-09-08 11:04:59.500 [info] > git rev-parse --show-toplevel [3ms]
2023-09-08 11:04:59.500 [info] fatal: not a git repository (or any of the parent directories): .git
